<?xml version="1.0" encoding="UTF-8"?>
<testsuite xmlns:xsi="http://www.w3.org/2001/XMLSchema-instance" xsi:noNamespaceSchemaLocation="https://maven.apache.org/surefire/maven-surefire-plugin/xsd/surefire-test-report-3.0.xsd" version="3.0" name="example.OpensCanTest" time="0.0" tests="1" errors="0" skipped="0" failures="0">
  <properties>
    <property name="java.specification.version" value="21"/>
    <property name="sun.cpu.isalist" value="amd64"/>
    <property name="sun.jnu.encoding" value="Cp1252"/>
    <property name="java.class.path" value="C:\Users\sansk\OneDrive\Desktop\GCR TESTING\java-testing-example\example\target\test-classes;C:\Users\sansk\OneDrive\Desktop\GCR TESTING\java-testing-example\example\target\classes;C:\Users\sansk\.m2\repository\junit\junit\4.13.2\junit-4.13.2.jar;C:\Users\sansk\.m2\repository\org\hamcrest\hamcrest-core\1.3\hamcrest-core-1.3.jar;C:\Users\sansk\.m2\repository\org\mockito\mockito-all\2.0.2-beta\mockito-all-2.0.2-beta.jar;C:\Users\sansk\.m2\repository\org\hamcrest\hamcrest-all\1.3\hamcrest-all-1.3.jar;"/>
    <property name="java.vm.vendor" value="Oracle Corporation"/>
    <property name="sun.arch.data.model" value="64"/>
    <property name="user.variant" value=""/>
    <property name="java.vendor.url" value="https://java.oracle.com/"/>
    <property name="user.timezone" value="Asia/Calcutta"/>
    <property name="os.name" value="Windows 11"/>
    <property name="java.vm.specification.version" value="21"/>
    <property name="sun.java.launcher" value="SUN_STANDARD"/>
    <property name="user.country" value="IN"/>
    <property name="sun.boot.library.path" value="C:\Program Files\Java\jdk-21\bin"/>
    <property name="sun.java.command" value="C:\Users\sansk\AppData\Local\Temp\surefire5103300422092026993\surefirebooter-20241210192254647_3.jar C:\Users\sansk\AppData\Local\Temp\surefire5103300422092026993 2024-12-10T19-22-54_029-jvmRun1 surefire-20241210192254647_1tmp surefire_0-20241210192254647_2tmp"/>
    <property name="jdk.debug" value="release"/>
    <property name="surefire.test.class.path" value="C:\Users\sansk\OneDrive\Desktop\GCR TESTING\java-testing-example\example\target\test-classes;C:\Users\sansk\OneDrive\Desktop\GCR TESTING\java-testing-example\example\target\classes;C:\Users\sansk\.m2\repository\junit\junit\4.13.2\junit-4.13.2.jar;C:\Users\sansk\.m2\repository\org\hamcrest\hamcrest-core\1.3\hamcrest-core-1.3.jar;C:\Users\sansk\.m2\repository\org\mockito\mockito-all\2.0.2-beta\mockito-all-2.0.2-beta.jar;C:\Users\sansk\.m2\repository\org\hamcrest\hamcrest-all\1.3\hamcrest-all-1.3.jar;"/>
    <property name="sun.cpu.endian" value="little"/>
    <property name="user.home" value="C:\Users\sansk"/>
    <property name="user.language" value="en"/>
    <property name="java.specification.vendor" value="Oracle Corporation"/>
    <property name="java.version.date" value="2024-01-16"/>
    <property name="java.home" value="C:\Program Files\Java\jdk-21"/>
    <property name="file.separator" value="\"/>
    <property name="basedir" value="C:\Users\sansk\OneDrive\Desktop\GCR TESTING\java-testing-example\example"/>
    <property name="java.vm.compressedOopsMode" value="32-bit"/>
    <property name="line.separator" value="&#10;"/>
    <property name="java.vm.specification.vendor" value="Oracle Corporation"/>
    <property name="java.specification.name" value="Java Platform API Specification"/>
    <property name="surefire.real.class.path" value="C:\Users\sansk\AppData\Local\Temp\surefire5103300422092026993\surefirebooter-20241210192254647_3.jar"/>
    <property name="user.script" value=""/>
    <property name="sun.management.compiler" value="HotSpot 64-Bit Tiered Compilers"/>
    <property name="java.runtime.version" value="21.0.2+13-LTS-58"/>
    <property name="user.name" value="sansk"/>
    <property name="stdout.encoding" value="Cp1252"/>
    <property name="path.separator" value=";"/>
    <property name="os.version" value="10.0"/>
    <property name="java.runtime.name" value="Java(TM) SE Runtime Environment"/>
    <property name="file.encoding" value="UTF-8"/>
    <property name="java.vm.name" value="Java HotSpot(TM) 64-Bit Server VM"/>
    <property name="localRepository" value="C:\Users\sansk\.m2\repository"/>
    <property name="java.vendor.url.bug" value="https://bugreport.java.com/bugreport/"/>
    <property name="java.io.tmpdir" value="C:\Users\sansk\AppData\Local\Temp\"/>
    <property name="java.version" value="21.0.2"/>
    <property name="user.dir" value="C:\Users\sansk\OneDrive\Desktop\GCR TESTING\java-testing-example\example"/>
    <property name="os.arch" value="amd64"/>
    <property name="java.vm.specification.name" value="Java Virtual Machine Specification"/>
    <property name="sun.os.patch.level" value=""/>
    <property name="native.encoding" value="Cp1252"/>
    <property name="java.library.path" value="C:\Program Files\Java\jdk-21\bin;C:\WINDOWS\Sun\Java\bin;C:\WINDOWS\system32;C:\WINDOWS;C:\Program Files\Vim\vim91\\GvimExt64;C:\Program Files\Vim\vim91\\GvimExt64;C:\Program Files\Vim\vim91\\GvimExt64;C:\Program Files\Microsoft SDKs\Azure\CLI2\wbin;C:\Program Files\Common Files\Oracle\Java\javapath;C:\Program Files (x86)\Common Files\Oracle\Java\javapath;C:\Program Files\nvim-win64\nvim-win64\bin;C:\WINDOWS\system32;C:\WINDOWS;C:\WINDOWS\System32\Wbem;C:\WINDOWS\System32\WindowsPowerShell\v1.0\;C:\WINDOWS\System32\OpenSSH\;C:\Program Files\nodejs\;C:\Program Files\curl-8.5.0_5-win64-mingw\bin;C:\Program Files (x86)\GnuWin32\bin;C:\Program Files\Vim\vim91;C:\Program Files\GitHub CLI\;C:\Users\sansk\AppData\Local\Programs\Python\Python312\Scripts\pytest.exe;C:\Users\sansk\Downloads\apache-maven-3.9.6\bin;&quot;;C:\Users\sansk\Downloads\rclone-v1.66.0-windows-amd64&quot;;C:\Users\sansk\Downloads\ngrok.exe;C:\minikube\minikube.exe;C:\minikube;C:\Program Files\Kubernetes\Minikube;C:\ProgramData\chocolatey\bin;C:\Program Files\CMake\bin;C:\MinGW\bin;C:\Program Files\dotnet\;C:\Program Files\Git\cmd;C:\Program Files\Git\bin;;C:\Program Files\Docker\Docker\resources\bin;C:\Users\sansk\AppData\Local\Programs\Python\Python312\Scripts\;C:\Users\sansk\AppData\Local\Programs\Python\Python312\;C:\Users\sansk\AppData\Local\Programs\Python\Launcher\;C:\Users\sansk\AppData\Local\Microsoft\WindowsApps;C:\Users\sansk\AppData\Roaming\npm;C:\Users\sansk\AppData\Local\Programs\Microsoft VS Code\bin;C:\Program Files\Java\jdk-21\bin;C:\Users\sansk\AppData\Local\Programs\Python\Python312;C:\Users\sansk\AppData\Local\Programs\Python;C:\Users\sansk\AppData\Roaming\Microsoft\Windows\Start Menu\Programs\Python 3.12;C:\Users\sansk\AppData\Local\Programs\Python\Python312\Scripts;C:\minikube\minikube.exe;C:\MinGW\bin;C:\Users\sansk\AppData\Local\Microsoft\WinGet\Links;C:\Users\sansk\.dotnet\tools;."/>
    <property name="java.vm.info" value="mixed mode, sharing"/>
    <property name="stderr.encoding" value="Cp1252"/>
    <property name="java.vendor" value="Oracle Corporation"/>
    <property name="java.vm.version" value="21.0.2+13-LTS-58"/>
    <property name="sun.io.unicode.encoding" value="UnicodeLittle"/>
    <property name="java.class.version" value="65.0"/>
  </properties>
  <testcase name="test" classname="example.OpensCanTest" time="0.0"/>
</testsuite>